{"/home/atish/Interview/Madison Logic Ltd/quiz-app/src/app.js": {"path":"/home/atish/Interview/Madison Logic Ltd/quiz-app/src/app.js","statementMap":{"0":{"start":{"line":2,"column":16},"end":{"line":2,"column":34}},"1":{"start":{"line":3,"column":19},"end":{"line":3,"column":41}},"2":{"start":{"line":4,"column":19},"end":{"line":4,"column":49}},"3":{"start":{"line":6,"column":12},"end":{"line":6,"column":21}},"4":{"start":{"line":8,"column":0},"end":{"line":8,"column":27}},"5":{"start":{"line":9,"column":0},"end":{"line":9,"column":28}},"6":{"start":{"line":11,"column":13},"end":{"line":11,"column":37}},"7":{"start":{"line":13,"column":0},"end":{"line":15,"column":3}},"8":{"start":{"line":14,"column":2},"end":{"line":14,"column":50}}},"fnMap":{"0":{"name":"(anonymous_0)","decl":{"start":{"line":13,"column":17},"end":{"line":13,"column":18}},"loc":{"start":{"line":13,"column":23},"end":{"line":15,"column":1}},"line":13}},"branchMap":{"0":{"loc":{"start":{"line":11,"column":13},"end":{"line":11,"column":37}},"type":"binary-expr","locations":[{"start":{"line":11,"column":13},"end":{"line":11,"column":29}},{"start":{"line":11,"column":33},"end":{"line":11,"column":37}}],"line":11}},"s":{"0":1,"1":1,"2":1,"3":1,"4":1,"5":1,"6":1,"7":1,"8":0},"f":{"0":0},"b":{"0":[1,1]},"_coverageSchema":"1a1c01bbd47fc00a2c39e90264f33305004495a9","hash":"bbcf34036420fa3ac3b5496f6585b7eab6737a13"}
,"/home/atish/Interview/Madison Logic Ltd/quiz-app/src/controllers/quizController.js": {"path":"/home/atish/Interview/Madison Logic Ltd/quiz-app/src/controllers/quizController.js","statementMap":{"0":{"start":{"line":2,"column":29},"end":{"line":2,"column":59}},"1":{"start":{"line":4,"column":0},"end":{"line":15,"column":2}},"2":{"start":{"line":5,"column":31},"end":{"line":5,"column":39}},"3":{"start":{"line":7,"column":2},"end":{"line":9,"column":3}},"4":{"start":{"line":8,"column":4},"end":{"line":8,"column":60}},"5":{"start":{"line":11,"column":17},"end":{"line":11,"column":37}},"6":{"start":{"line":12,"column":2},"end":{"line":12,"column":56}},"7":{"start":{"line":14,"column":2},"end":{"line":14,"column":39}},"8":{"start":{"line":17,"column":0},"end":{"line":34,"column":2}},"9":{"start":{"line":18,"column":17},"end":{"line":18,"column":27}},"10":{"start":{"line":19,"column":15},"end":{"line":19,"column":30}},"11":{"start":{"line":21,"column":2},"end":{"line":21,"column":70}},"12":{"start":{"line":21,"column":13},"end":{"line":21,"column":70}},"13":{"start":{"line":23,"column":24},"end":{"line":31,"column":3}},"14":{"start":{"line":26,"column":62},"end":{"line":30,"column":5}},"15":{"start":{"line":33,"column":2},"end":{"line":33,"column":26}},"16":{"start":{"line":36,"column":0},"end":{"line":60,"column":2}},"17":{"start":{"line":37,"column":33},"end":{"line":37,"column":43}},"18":{"start":{"line":38,"column":30},"end":{"line":38,"column":38}},"19":{"start":{"line":40,"column":15},"end":{"line":40,"column":34}},"20":{"start":{"line":41,"column":2},"end":{"line":41,"column":70}},"21":{"start":{"line":41,"column":13},"end":{"line":41,"column":70}},"22":{"start":{"line":43,"column":19},"end":{"line":43,"column":66}},"23":{"start":{"line":43,"column":46},"end":{"line":43,"column":65}},"24":{"start":{"line":44,"column":2},"end":{"line":44,"column":78}},"25":{"start":{"line":44,"column":17},"end":{"line":44,"column":78}},"26":{"start":{"line":46,"column":21},"end":{"line":46,"column":64}},"27":{"start":{"line":48,"column":20},"end":{"line":48,"column":51}},"28":{"start":{"line":49,"column":22},"end":{"line":49,"column":73}},"29":{"start":{"line":51,"column":2},"end":{"line":51,"column":85}},"30":{"start":{"line":52,"column":2},"end":{"line":52,"column":41}},"31":{"start":{"line":52,"column":18},"end":{"line":52,"column":41}},"32":{"start":{"line":54,"column":2},"end":{"line":54,"column":38}},"33":{"start":{"line":56,"column":2},"end":{"line":59,"column":5}},"34":{"start":{"line":62,"column":0},"end":{"line":70,"column":2}},"35":{"start":{"line":63,"column":29},"end":{"line":63,"column":39}},"36":{"start":{"line":64,"column":20},"end":{"line":64,"column":41}},"37":{"start":{"line":66,"column":22},"end":{"line":66,"column":44}},"38":{"start":{"line":67,"column":2},"end":{"line":67,"column":80}},"39":{"start":{"line":67,"column":20},"end":{"line":67,"column":80}},"40":{"start":{"line":69,"column":2},"end":{"line":69,"column":24}}},"fnMap":{"0":{"name":"(anonymous_0)","decl":{"start":{"line":4,"column":21},"end":{"line":4,"column":22}},"loc":{"start":{"line":4,"column":35},"end":{"line":15,"column":1}},"line":4},"1":{"name":"(anonymous_1)","decl":{"start":{"line":17,"column":18},"end":{"line":17,"column":19}},"loc":{"start":{"line":17,"column":32},"end":{"line":34,"column":1}},"line":17},"2":{"name":"(anonymous_2)","decl":{"start":{"line":26,"column":34},"end":{"line":26,"column":35}},"loc":{"start":{"line":26,"column":62},"end":{"line":30,"column":5}},"line":26},"3":{"name":"(anonymous_3)","decl":{"start":{"line":36,"column":23},"end":{"line":36,"column":24}},"loc":{"start":{"line":36,"column":37},"end":{"line":60,"column":1}},"line":36},"4":{"name":"(anonymous_4)","decl":{"start":{"line":43,"column":39},"end":{"line":43,"column":40}},"loc":{"start":{"line":43,"column":46},"end":{"line":43,"column":65}},"line":43},"5":{"name":"(anonymous_5)","decl":{"start":{"line":62,"column":21},"end":{"line":62,"column":22}},"loc":{"start":{"line":62,"column":35},"end":{"line":70,"column":1}},"line":62}},"branchMap":{"0":{"loc":{"start":{"line":7,"column":2},"end":{"line":9,"column":3}},"type":"if","locations":[{"start":{"line":7,"column":2},"end":{"line":9,"column":3}},{"start":{},"end":{}}],"line":7},"1":{"loc":{"start":{"line":7,"column":6},"end":{"line":7,"column":52}},"type":"binary-expr","locations":[{"start":{"line":7,"column":6},"end":{"line":7,"column":12}},{"start":{"line":7,"column":16},"end":{"line":7,"column":26}},{"start":{"line":7,"column":30},"end":{"line":7,"column":52}}],"line":7},"2":{"loc":{"start":{"line":21,"column":2},"end":{"line":21,"column":70}},"type":"if","locations":[{"start":{"line":21,"column":2},"end":{"line":21,"column":70}},{"start":{},"end":{}}],"line":21},"3":{"loc":{"start":{"line":41,"column":2},"end":{"line":41,"column":70}},"type":"if","locations":[{"start":{"line":41,"column":2},"end":{"line":41,"column":70}},{"start":{},"end":{}}],"line":41},"4":{"loc":{"start":{"line":44,"column":2},"end":{"line":44,"column":78}},"type":"if","locations":[{"start":{"line":44,"column":2},"end":{"line":44,"column":78}},{"start":{},"end":{}}],"line":44},"5":{"loc":{"start":{"line":49,"column":22},"end":{"line":49,"column":73}},"type":"binary-expr","locations":[{"start":{"line":49,"column":22},"end":{"line":49,"column":44}},{"start":{"line":49,"column":48},"end":{"line":49,"column":73}}],"line":49},"6":{"loc":{"start":{"line":52,"column":2},"end":{"line":52,"column":41}},"type":"if","locations":[{"start":{"line":52,"column":2},"end":{"line":52,"column":41}},{"start":{},"end":{}}],"line":52},"7":{"loc":{"start":{"line":58,"column":20},"end":{"line":58,"column":81}},"type":"cond-expr","locations":[{"start":{"line":58,"column":33},"end":{"line":58,"column":37}},{"start":{"line":58,"column":40},"end":{"line":58,"column":81}}],"line":58},"8":{"loc":{"start":{"line":67,"column":2},"end":{"line":67,"column":80}},"type":"if","locations":[{"start":{"line":67,"column":2},"end":{"line":67,"column":80}},{"start":{},"end":{}}],"line":67}},"s":{"0":1,"1":1,"2":0,"3":0,"4":0,"5":0,"6":0,"7":0,"8":1,"9":0,"10":0,"11":0,"12":0,"13":0,"14":0,"15":0,"16":1,"17":0,"18":0,"19":0,"20":0,"21":0,"22":0,"23":0,"24":0,"25":0,"26":0,"27":0,"28":0,"29":0,"30":0,"31":0,"32":0,"33":0,"34":1,"35":0,"36":0,"37":0,"38":0,"39":0,"40":0},"f":{"0":0,"1":0,"2":0,"3":0,"4":0,"5":0},"b":{"0":[0,0],"1":[0,0,0],"2":[0,0],"3":[0,0],"4":[0,0],"5":[0,0],"6":[0,0],"7":[0,0],"8":[0,0]},"_coverageSchema":"1a1c01bbd47fc00a2c39e90264f33305004495a9","hash":"a8d5196d3a850ac21eafc0865d3ba5987080ba23"}
,"/home/atish/Interview/Madison Logic Ltd/quiz-app/src/models/dataStore.js": {"path":"/home/atish/Interview/Madison Logic Ltd/quiz-app/src/models/dataStore.js","statementMap":{"0":{"start":{"line":2,"column":16},"end":{"line":2,"column":25}},"1":{"start":{"line":3,"column":16},"end":{"line":3,"column":25}},"2":{"start":{"line":5,"column":0},"end":{"line":5,"column":38}}},"fnMap":{},"branchMap":{},"s":{"0":1,"1":1,"2":1},"f":{},"b":{},"_coverageSchema":"1a1c01bbd47fc00a2c39e90264f33305004495a9","hash":"8f29e5e600f8065fb296e89dd4ec3fd356fae98e"}
,"/home/atish/Interview/Madison Logic Ltd/quiz-app/src/routes/quizRoutes.js": {"path":"/home/atish/Interview/Madison Logic Ltd/quiz-app/src/routes/quizRoutes.js","statementMap":{"0":{"start":{"line":2,"column":16},"end":{"line":2,"column":34}},"1":{"start":{"line":8,"column":4},"end":{"line":8,"column":44}},"2":{"start":{"line":10,"column":15},"end":{"line":10,"column":31}},"3":{"start":{"line":12,"column":0},"end":{"line":12,"column":36}},"4":{"start":{"line":13,"column":0},"end":{"line":13,"column":36}},"5":{"start":{"line":14,"column":0},"end":{"line":14,"column":75}},"6":{"start":{"line":15,"column":0},"end":{"line":15,"column":59}},"7":{"start":{"line":17,"column":0},"end":{"line":17,"column":24}}},"fnMap":{},"branchMap":{},"s":{"0":1,"1":1,"2":1,"3":1,"4":1,"5":1,"6":1,"7":1},"f":{},"b":{},"_coverageSchema":"1a1c01bbd47fc00a2c39e90264f33305004495a9","hash":"5cc6c085d72cfab0391e7bc9107e9b7c3d261aa4"}
}
